<?xml version="1.0" encoding="UTF-8"?>
<testsuite xmlns:xsi="http://www.w3.org/2001/XMLSchema-instance" xsi:noNamespaceSchemaLocation="https://maven.apache.org/surefire/maven-surefire-plugin/xsd/surefire-test-report.xsd" name="com.spartangoldengym.common.config.DynamoDbTablesTest" time="0.018" tests="4" errors="0" skipped="0" failures="0">
  <properties>
[...]
</properties>
  <testcase name="allSevenTablesAreDefined" classname="com.spartangoldengym.common.config.DynamoDbTablesTest" time="0.013"/>
  <testcase name="qualifiedNameFormatsCorrectly" classname="com.spartangoldengym.common.config.DynamoDbTablesTest" time="0"/>
  <testcase name="keyAttributesMatchDesignSpec" classname="com.spartangoldengym.common.config.DynamoDbTablesTest" time="0"/>
  <testcase name="eachTableHasPartitionAndSortKeyDefined" classname="com.spartangoldengym.common.config.DynamoDbTablesTest" time="0.001"/>
</testsuite>